<?xml version="1.0" encoding="UTF-8"?>
<robot generator="Robot 7.2 (Python 3.12.4 on win32)" generated="2025-01-28T02:27:42.437500" rpa="false" schemaversion="5">
<suite id="s1" name="Plus" source="C:\Users\jetak\Desktop\SDPX\group\jenkins-robot\plus.robot">
<test id="s1-t1" name="Test Plus Numbers 8 and 4" line="18">
<kw name="Get Calculation JSON">
<kw name="GET" owner="RequestsLibrary">
<msg time="2025-01-28T02:27:43.242777" level="INFO">GET Request : url=http://127.0.0.1:5000/plus/8/4 
 path_url=/plus/8/4 
 headers={'User-Agent': 'python-requests/2.32.3', 'Accept-Encoding': 'gzip, deflate', 'Accept': '*/*', 'Connection': 'keep-alive'} 
 body=None 
 </msg>
<msg time="2025-01-28T02:27:43.242777" level="INFO">GET Response : url=http://127.0.0.1:5000/plus/8/4 
 status=200, reason=OK 
 headers={'Server': 'Werkzeug/3.0.3 Python/3.12.3', 'Date': 'Mon, 27 Jan 2025 19:27:43 GMT', 'Content-Type': 'application/json', 'Content-Length': '14', 'Connection': 'close'} 
 body={"result":12}
 
 </msg>
<msg time="2025-01-28T02:27:43.242777" level="INFO">${resp} = &lt;Response [200]&gt;</msg>
<var>${resp}</var>
<arg>${BASE_URL}/${num1}/${num2}</arg>
<arg>expected_status=${status}</arg>
<doc>Sends a GET request.</doc>
<status status="PASS" start="2025-01-28T02:27:43.233757" elapsed="0.009526"/>
</kw>
<kw name="Run Keyword If" owner="BuiltIn">
<kw name="Return From Keyword" owner="BuiltIn">
<msg time="2025-01-28T02:27:43.244284" level="INFO">Returning from the enclosing user keyword.</msg>
<arg>${resp.json()}</arg>
<doc>Returns from the enclosing user keyword.</doc>
<status status="PASS" start="2025-01-28T02:27:43.244284" elapsed="0.000000"/>
</kw>
<arg>${resp.status_code} == ${status}</arg>
<arg>Return From Keyword</arg>
<arg>${resp.json()}</arg>
<doc>Runs the given keyword with the given arguments, if ``condition`` is true.</doc>
<status status="PASS" start="2025-01-28T02:27:43.243419" elapsed="0.000865"/>
</kw>
<kw name="Fail" owner="BuiltIn">
<arg>Unexpected status code: ${resp.status_code}</arg>
<doc>Fails the test with the given message and optionally alters its tags.</doc>
<status status="NOT RUN" start="2025-01-28T02:27:43.244284" elapsed="0.000000"/>
</kw>
<msg time="2025-01-28T02:27:43.244797" level="INFO">${json_resp} = {'result': 12}</msg>
<var>${json_resp}</var>
<arg>8</arg>
<arg>4</arg>
<arg>200</arg>
<status status="PASS" start="2025-01-28T02:27:43.232758" elapsed="0.012039"/>
</kw>
<kw name="Should Be Equal As Numbers" owner="BuiltIn">
<msg time="2025-01-28T02:27:43.246290" level="INFO">Argument types are:
&lt;class 'int'&gt;
&lt;class 'str'&gt;</msg>
<arg>${json_resp['result']}</arg>
<arg>12</arg>
<doc>Fails if objects are unequal after converting them to real numbers.</doc>
<status status="PASS" start="2025-01-28T02:27:43.245288" elapsed="0.001002"/>
</kw>
<status status="PASS" start="2025-01-28T02:27:43.231756" elapsed="0.015034"/>
</test>
<test id="s1-t2" name="Test Plus Numbers 4 and 2" line="22">
<kw name="Get Calculation JSON">
<kw name="GET" owner="RequestsLibrary">
<msg time="2025-01-28T02:27:43.255840" level="INFO">GET Request : url=http://127.0.0.1:5000/plus/4/2 
 path_url=/plus/4/2 
 headers={'User-Agent': 'python-requests/2.32.3', 'Accept-Encoding': 'gzip, deflate', 'Accept': '*/*', 'Connection': 'keep-alive'} 
 body=None 
 </msg>
<msg time="2025-01-28T02:27:43.256337" level="INFO">GET Response : url=http://127.0.0.1:5000/plus/4/2 
 status=200, reason=OK 
 headers={'Server': 'Werkzeug/3.0.3 Python/3.12.3', 'Date': 'Mon, 27 Jan 2025 19:27:43 GMT', 'Content-Type': 'application/json', 'Content-Length': '13', 'Connection': 'close'} 
 body={"result":6}
 
 </msg>
<msg time="2025-01-28T02:27:43.256337" level="INFO">${resp} = &lt;Response [200]&gt;</msg>
<var>${resp}</var>
<arg>${BASE_URL}/${num1}/${num2}</arg>
<arg>expected_status=${status}</arg>
<doc>Sends a GET request.</doc>
<status status="PASS" start="2025-01-28T02:27:43.249307" elapsed="0.007030"/>
</kw>
<kw name="Run Keyword If" owner="BuiltIn">
<kw name="Return From Keyword" owner="BuiltIn">
<msg time="2025-01-28T02:27:43.257337" level="INFO">Returning from the enclosing user keyword.</msg>
<arg>${resp.json()}</arg>
<doc>Returns from the enclosing user keyword.</doc>
<status status="PASS" start="2025-01-28T02:27:43.257337" elapsed="0.000000"/>
</kw>
<arg>${resp.status_code} == ${status}</arg>
<arg>Return From Keyword</arg>
<arg>${resp.json()}</arg>
<doc>Runs the given keyword with the given arguments, if ``condition`` is true.</doc>
<status status="PASS" start="2025-01-28T02:27:43.256838" elapsed="0.001512"/>
</kw>
<kw name="Fail" owner="BuiltIn">
<arg>Unexpected status code: ${resp.status_code}</arg>
<doc>Fails the test with the given message and optionally alters its tags.</doc>
<status status="NOT RUN" start="2025-01-28T02:27:43.258350" elapsed="0.000000"/>
</kw>
<msg time="2025-01-28T02:27:43.258858" level="INFO">${json_resp} = {'result': 6}</msg>
<var>${json_resp}</var>
<arg>4</arg>
<arg>2</arg>
<arg>200</arg>
<status status="PASS" start="2025-01-28T02:27:43.248298" elapsed="0.010560"/>
</kw>
<kw name="Should Be Equal As Numbers" owner="BuiltIn">
<msg time="2025-01-28T02:27:43.260365" level="INFO">Argument types are:
&lt;class 'int'&gt;
&lt;class 'str'&gt;</msg>
<arg>${json_resp['result']}</arg>
<arg>6</arg>
<doc>Fails if objects are unequal after converting them to real numbers.</doc>
<status status="PASS" start="2025-01-28T02:27:43.259358" elapsed="0.001507"/>
</kw>
<status status="PASS" start="2025-01-28T02:27:43.247289" elapsed="0.014076"/>
</test>
<test id="s1-t3" name="Test Plus Numbers 8.4 and 4" line="26">
<kw name="Get Calculation JSON">
<kw name="GET" owner="RequestsLibrary">
<msg time="2025-01-28T02:27:43.268376" level="INFO">GET Request : url=http://127.0.0.1:5000/plus/8.4/4 
 path_url=/plus/8.4/4 
 headers={'User-Agent': 'python-requests/2.32.3', 'Accept-Encoding': 'gzip, deflate', 'Accept': '*/*', 'Connection': 'keep-alive'} 
 body=None 
 </msg>
<msg time="2025-01-28T02:27:43.268376" level="INFO">GET Response : url=http://127.0.0.1:5000/plus/8.4/4 
 status=200, reason=OK 
 headers={'Server': 'Werkzeug/3.0.3 Python/3.12.3', 'Date': 'Mon, 27 Jan 2025 19:27:43 GMT', 'Content-Type': 'application/json', 'Content-Length': '16', 'Connection': 'close'} 
 body={"result":12.4}
 
 </msg>
<msg time="2025-01-28T02:27:43.268884" level="INFO">${resp} = &lt;Response [200]&gt;</msg>
<var>${resp}</var>
<arg>${BASE_URL}/${num1}/${num2}</arg>
<arg>expected_status=${status}</arg>
<doc>Sends a GET request.</doc>
<status status="PASS" start="2025-01-28T02:27:43.263367" elapsed="0.005517"/>
</kw>
<kw name="Run Keyword If" owner="BuiltIn">
<kw name="Return From Keyword" owner="BuiltIn">
<msg time="2025-01-28T02:27:43.270893" level="INFO">Returning from the enclosing user keyword.</msg>
<arg>${resp.json()}</arg>
<doc>Returns from the enclosing user keyword.</doc>
<status status="PASS" start="2025-01-28T02:27:43.270893" elapsed="0.000000"/>
</kw>
<arg>${resp.status_code} == ${status}</arg>
<arg>Return From Keyword</arg>
<arg>${resp.json()}</arg>
<doc>Runs the given keyword with the given arguments, if ``condition`` is true.</doc>
<status status="PASS" start="2025-01-28T02:27:43.269387" elapsed="0.001506"/>
</kw>
<kw name="Fail" owner="BuiltIn">
<arg>Unexpected status code: ${resp.status_code}</arg>
<doc>Fails the test with the given message and optionally alters its tags.</doc>
<status status="NOT RUN" start="2025-01-28T02:27:43.271392" elapsed="0.000000"/>
</kw>
<msg time="2025-01-28T02:27:43.271895" level="INFO">${json_resp} = {'result': 12.4}</msg>
<var>${json_resp}</var>
<arg>8.4</arg>
<arg>4</arg>
<arg>200</arg>
<status status="PASS" start="2025-01-28T02:27:43.262870" elapsed="0.009025"/>
</kw>
<kw name="Should Be Equal As Numbers" owner="BuiltIn">
<msg time="2025-01-28T02:27:43.273392" level="INFO">Argument types are:
&lt;class 'float'&gt;
&lt;class 'str'&gt;</msg>
<arg>${json_resp['result']}</arg>
<arg>12.4</arg>
<doc>Fails if objects are unequal after converting them to real numbers.</doc>
<status status="PASS" start="2025-01-28T02:27:43.272396" elapsed="0.000996"/>
</kw>
<status status="PASS" start="2025-01-28T02:27:43.262370" elapsed="0.011523"/>
</test>
<test id="s1-t4" name="Test Plus Numbers 4 and 8.4" line="30">
<kw name="Get Calculation JSON">
<kw name="GET" owner="RequestsLibrary">
<msg time="2025-01-28T02:27:43.285439" level="INFO">GET Request : url=http://127.0.0.1:5000/plus/4/8.4 
 path_url=/plus/4/8.4 
 headers={'User-Agent': 'python-requests/2.32.3', 'Accept-Encoding': 'gzip, deflate', 'Accept': '*/*', 'Connection': 'keep-alive'} 
 body=None 
 </msg>
<msg time="2025-01-28T02:27:43.285938" level="INFO">GET Response : url=http://127.0.0.1:5000/plus/4/8.4 
 status=200, reason=OK 
 headers={'Server': 'Werkzeug/3.0.3 Python/3.12.3', 'Date': 'Mon, 27 Jan 2025 19:27:43 GMT', 'Content-Type': 'application/json', 'Content-Length': '16', 'Connection': 'close'} 
 body={"result":12.4}
 
 </msg>
<msg time="2025-01-28T02:27:43.285938" level="INFO">${resp} = &lt;Response [200]&gt;</msg>
<var>${resp}</var>
<arg>${BASE_URL}/${num1}/${num2}</arg>
<arg>expected_status=${status}</arg>
<doc>Sends a GET request.</doc>
<status status="PASS" start="2025-01-28T02:27:43.279913" elapsed="0.006025"/>
</kw>
<kw name="Run Keyword If" owner="BuiltIn">
<kw name="Return From Keyword" owner="BuiltIn">
<msg time="2025-01-28T02:27:43.287462" level="INFO">Returning from the enclosing user keyword.</msg>
<arg>${resp.json()}</arg>
<doc>Returns from the enclosing user keyword.</doc>
<status status="PASS" start="2025-01-28T02:27:43.287462" elapsed="0.001012"/>
</kw>
<arg>${resp.status_code} == ${status}</arg>
<arg>Return From Keyword</arg>
<arg>${resp.json()}</arg>
<doc>Runs the given keyword with the given arguments, if ``condition`` is true.</doc>
<status status="PASS" start="2025-01-28T02:27:43.285938" elapsed="0.002536"/>
</kw>
<kw name="Fail" owner="BuiltIn">
<arg>Unexpected status code: ${resp.status_code}</arg>
<doc>Fails the test with the given message and optionally alters its tags.</doc>
<status status="NOT RUN" start="2025-01-28T02:27:43.288474" elapsed="0.000000"/>
</kw>
<msg time="2025-01-28T02:27:43.289983" level="INFO">${json_resp} = {'result': 12.4}</msg>
<var>${json_resp}</var>
<arg>4</arg>
<arg>8.4</arg>
<arg>200</arg>
<status status="PASS" start="2025-01-28T02:27:43.278913" elapsed="0.011070"/>
</kw>
<kw name="Should Be Equal As Numbers" owner="BuiltIn">
<msg time="2025-01-28T02:27:43.291992" level="INFO">Argument types are:
&lt;class 'float'&gt;
&lt;class 'str'&gt;</msg>
<arg>${json_resp['result']}</arg>
<arg>12.4</arg>
<doc>Fails if objects are unequal after converting them to real numbers.</doc>
<status status="PASS" start="2025-01-28T02:27:43.290994" elapsed="0.001498"/>
</kw>
<status status="PASS" start="2025-01-28T02:27:43.277392" elapsed="0.015600"/>
</test>
<test id="s1-t5" name="Test Plus Numbers -4 and 2" line="34">
<kw name="Get Calculation JSON">
<kw name="GET" owner="RequestsLibrary">
<msg time="2025-01-28T02:27:43.303026" level="INFO">GET Request : url=http://127.0.0.1:5000/plus/-4/2 
 path_url=/plus/-4/2 
 headers={'User-Agent': 'python-requests/2.32.3', 'Accept-Encoding': 'gzip, deflate', 'Accept': '*/*', 'Connection': 'keep-alive'} 
 body=None 
 </msg>
<msg time="2025-01-28T02:27:43.303026" level="INFO">GET Response : url=http://127.0.0.1:5000/plus/-4/2 
 status=200, reason=OK 
 headers={'Server': 'Werkzeug/3.0.3 Python/3.12.3', 'Date': 'Mon, 27 Jan 2025 19:27:43 GMT', 'Content-Type': 'application/json', 'Content-Length': '14', 'Connection': 'close'} 
 body={"result":-2}
 
 </msg>
<msg time="2025-01-28T02:27:43.303527" level="INFO">${resp} = &lt;Response [200]&gt;</msg>
<var>${resp}</var>
<arg>${BASE_URL}/${num1}/${num2}</arg>
<arg>expected_status=${status}</arg>
<doc>Sends a GET request.</doc>
<status status="PASS" start="2025-01-28T02:27:43.295495" elapsed="0.008032"/>
</kw>
<kw name="Run Keyword If" owner="BuiltIn">
<kw name="Return From Keyword" owner="BuiltIn">
<msg time="2025-01-28T02:27:43.306028" level="INFO">Returning from the enclosing user keyword.</msg>
<arg>${resp.json()}</arg>
<doc>Returns from the enclosing user keyword.</doc>
<status status="PASS" start="2025-01-28T02:27:43.306028" elapsed="0.000504"/>
</kw>
<arg>${resp.status_code} == ${status}</arg>
<arg>Return From Keyword</arg>
<arg>${resp.json()}</arg>
<doc>Runs the given keyword with the given arguments, if ``condition`` is true.</doc>
<status status="PASS" start="2025-01-28T02:27:43.304025" elapsed="0.002507"/>
</kw>
<kw name="Fail" owner="BuiltIn">
<arg>Unexpected status code: ${resp.status_code}</arg>
<doc>Fails the test with the given message and optionally alters its tags.</doc>
<status status="NOT RUN" start="2025-01-28T02:27:43.306532" elapsed="0.000000"/>
</kw>
<msg time="2025-01-28T02:27:43.307528" level="INFO">${json_resp} = {'result': -2}</msg>
<var>${json_resp}</var>
<arg>-4</arg>
<arg>2</arg>
<arg>200</arg>
<status status="PASS" start="2025-01-28T02:27:43.294994" elapsed="0.012534"/>
</kw>
<kw name="Should Be Equal As Numbers" owner="BuiltIn">
<msg time="2025-01-28T02:27:43.309551" level="INFO">Argument types are:
&lt;class 'int'&gt;
&lt;class 'str'&gt;</msg>
<arg>${json_resp['result']}</arg>
<arg>-2</arg>
<doc>Fails if objects are unequal after converting them to real numbers.</doc>
<status status="PASS" start="2025-01-28T02:27:43.308539" elapsed="0.001511"/>
</kw>
<status status="PASS" start="2025-01-28T02:27:43.293989" elapsed="0.016061"/>
</test>
<test id="s1-t6" name="Test Plus Numbers 4 and -2" line="38">
<kw name="Get Calculation JSON">
<kw name="GET" owner="RequestsLibrary">
<msg time="2025-01-28T02:27:43.324618" level="INFO">GET Request : url=http://127.0.0.1:5000/plus/4/-2 
 path_url=/plus/4/-2 
 headers={'User-Agent': 'python-requests/2.32.3', 'Accept-Encoding': 'gzip, deflate', 'Accept': '*/*', 'Connection': 'keep-alive'} 
 body=None 
 </msg>
<msg time="2025-01-28T02:27:43.325118" level="INFO">GET Response : url=http://127.0.0.1:5000/plus/4/-2 
 status=200, reason=OK 
 headers={'Server': 'Werkzeug/3.0.3 Python/3.12.3', 'Date': 'Mon, 27 Jan 2025 19:27:43 GMT', 'Content-Type': 'application/json', 'Content-Length': '13', 'Connection': 'close'} 
 body={"result":2}
 
 </msg>
<msg time="2025-01-28T02:27:43.325118" level="INFO">${resp} = &lt;Response [200]&gt;</msg>
<var>${resp}</var>
<arg>${BASE_URL}/${num1}/${num2}</arg>
<arg>expected_status=${status}</arg>
<doc>Sends a GET request.</doc>
<status status="PASS" start="2025-01-28T02:27:43.313060" elapsed="0.012557"/>
</kw>
<kw name="Run Keyword If" owner="BuiltIn">
<kw name="Return From Keyword" owner="BuiltIn">
<msg time="2025-01-28T02:27:43.327117" level="INFO">Returning from the enclosing user keyword.</msg>
<arg>${resp.json()}</arg>
<doc>Returns from the enclosing user keyword.</doc>
<status status="PASS" start="2025-01-28T02:27:43.327117" elapsed="0.000000"/>
</kw>
<arg>${resp.status_code} == ${status}</arg>
<arg>Return From Keyword</arg>
<arg>${resp.json()}</arg>
<doc>Runs the given keyword with the given arguments, if ``condition`` is true.</doc>
<status status="PASS" start="2025-01-28T02:27:43.325617" elapsed="0.002509"/>
</kw>
<kw name="Fail" owner="BuiltIn">
<arg>Unexpected status code: ${resp.status_code}</arg>
<doc>Fails the test with the given message and optionally alters its tags.</doc>
<status status="NOT RUN" start="2025-01-28T02:27:43.328126" elapsed="0.000510"/>
</kw>
<msg time="2025-01-28T02:27:43.329646" level="INFO">${json_resp} = {'result': 2}</msg>
<var>${json_resp}</var>
<arg>4</arg>
<arg>-2</arg>
<arg>200</arg>
<status status="PASS" start="2025-01-28T02:27:43.312558" elapsed="0.017088"/>
</kw>
<kw name="Should Be Equal As Numbers" owner="BuiltIn">
<msg time="2025-01-28T02:27:43.331144" level="INFO">Argument types are:
&lt;class 'int'&gt;
&lt;class 'str'&gt;</msg>
<arg>${json_resp['result']}</arg>
<arg>2</arg>
<doc>Fails if objects are unequal after converting them to real numbers.</doc>
<status status="PASS" start="2025-01-28T02:27:43.330136" elapsed="0.001008"/>
</kw>
<status status="PASS" start="2025-01-28T02:27:43.311558" elapsed="0.020087"/>
</test>
<test id="s1-t7" name="Test Plus Numbers -4 and -2" line="42">
<kw name="Get Calculation JSON">
<kw name="GET" owner="RequestsLibrary">
<msg time="2025-01-28T02:27:43.347203" level="INFO">GET Request : url=http://127.0.0.1:5000/plus/-4/-2 
 path_url=/plus/-4/-2 
 headers={'User-Agent': 'python-requests/2.32.3', 'Accept-Encoding': 'gzip, deflate', 'Accept': '*/*', 'Connection': 'keep-alive'} 
 body=None 
 </msg>
<msg time="2025-01-28T02:27:43.348215" level="INFO">GET Response : url=http://127.0.0.1:5000/plus/-4/-2 
 status=200, reason=OK 
 headers={'Server': 'Werkzeug/3.0.3 Python/3.12.3', 'Date': 'Mon, 27 Jan 2025 19:27:43 GMT', 'Content-Type': 'application/json', 'Content-Length': '14', 'Connection': 'close'} 
 body={"result":-6}
 
 </msg>
<msg time="2025-01-28T02:27:43.348726" level="INFO">${resp} = &lt;Response [200]&gt;</msg>
<var>${resp}</var>
<arg>${BASE_URL}/${num1}/${num2}</arg>
<arg>expected_status=${status}</arg>
<doc>Sends a GET request.</doc>
<status status="PASS" start="2025-01-28T02:27:43.341179" elapsed="0.007547"/>
</kw>
<kw name="Run Keyword If" owner="BuiltIn">
<kw name="Return From Keyword" owner="BuiltIn">
<msg time="2025-01-28T02:27:43.351247" level="INFO">Returning from the enclosing user keyword.</msg>
<arg>${resp.json()}</arg>
<doc>Returns from the enclosing user keyword.</doc>
<status status="PASS" start="2025-01-28T02:27:43.351247" elapsed="0.000498"/>
</kw>
<arg>${resp.status_code} == ${status}</arg>
<arg>Return From Keyword</arg>
<arg>${resp.json()}</arg>
<doc>Runs the given keyword with the given arguments, if ``condition`` is true.</doc>
<status status="PASS" start="2025-01-28T02:27:43.349236" elapsed="0.003011"/>
</kw>
<kw name="Fail" owner="BuiltIn">
<arg>Unexpected status code: ${resp.status_code}</arg>
<doc>Fails the test with the given message and optionally alters its tags.</doc>
<status status="NOT RUN" start="2025-01-28T02:27:43.352247" elapsed="0.000000"/>
</kw>
<msg time="2025-01-28T02:27:43.353773" level="INFO">${json_resp} = {'result': -6}</msg>
<var>${json_resp}</var>
<arg>-4</arg>
<arg>-2</arg>
<arg>200</arg>
<status status="PASS" start="2025-01-28T02:27:43.340178" elapsed="0.013595"/>
</kw>
<kw name="Should Be Equal As Numbers" owner="BuiltIn">
<msg time="2025-01-28T02:27:43.356270" level="INFO">Argument types are:
&lt;class 'int'&gt;
&lt;class 'str'&gt;</msg>
<arg>${json_resp['result']}</arg>
<arg>-6</arg>
<doc>Fails if objects are unequal after converting them to real numbers.</doc>
<status status="PASS" start="2025-01-28T02:27:43.355273" elapsed="0.000997"/>
</kw>
<status status="PASS" start="2025-01-28T02:27:43.338318" elapsed="0.018452"/>
</test>
<test id="s1-t8" name="Test Plus Numbers a and b" line="46">
<kw name="Get Calculation JSON">
<kw name="GET" owner="RequestsLibrary">
<msg time="2025-01-28T02:27:43.368966" level="INFO">GET Request : url=http://127.0.0.1:5000/plus/a/b 
 path_url=/plus/a/b 
 headers={'User-Agent': 'python-requests/2.32.3', 'Accept-Encoding': 'gzip, deflate', 'Accept': '*/*', 'Connection': 'keep-alive'} 
 body=None 
 </msg>
<msg time="2025-01-28T02:27:43.368966" level="INFO">GET Response : url=http://127.0.0.1:5000/plus/a/b 
 status=400, reason=BAD REQUEST 
 headers={'Server': 'Werkzeug/3.0.3 Python/3.12.3', 'Date': 'Mon, 27 Jan 2025 19:27:43 GMT', 'Content-Type': 'application/json', 'Content-Length': '39', 'Connection': 'close'} 
 body={"error_msg":"inputs must be numbers"}
 
 </msg>
<msg time="2025-01-28T02:27:43.369466" level="INFO">${resp} = &lt;Response [400]&gt;</msg>
<var>${resp}</var>
<arg>${BASE_URL}/${num1}/${num2}</arg>
<arg>expected_status=${status}</arg>
<doc>Sends a GET request.</doc>
<status status="PASS" start="2025-01-28T02:27:43.362308" elapsed="0.007158"/>
</kw>
<kw name="Run Keyword If" owner="BuiltIn">
<kw name="Return From Keyword" owner="BuiltIn">
<msg time="2025-01-28T02:27:43.371973" level="INFO">Returning from the enclosing user keyword.</msg>
<arg>${resp.json()}</arg>
<doc>Returns from the enclosing user keyword.</doc>
<status status="PASS" start="2025-01-28T02:27:43.371973" elapsed="0.000000"/>
</kw>
<arg>${resp.status_code} == ${status}</arg>
<arg>Return From Keyword</arg>
<arg>${resp.json()}</arg>
<doc>Runs the given keyword with the given arguments, if ``condition`` is true.</doc>
<status status="PASS" start="2025-01-28T02:27:43.369964" elapsed="0.002514"/>
</kw>
<kw name="Fail" owner="BuiltIn">
<arg>Unexpected status code: ${resp.status_code}</arg>
<doc>Fails the test with the given message and optionally alters its tags.</doc>
<status status="NOT RUN" start="2025-01-28T02:27:43.372478" elapsed="0.000000"/>
</kw>
<msg time="2025-01-28T02:27:43.373471" level="INFO">${json_resp} = {'error_msg': 'inputs must be numbers'}</msg>
<var>${json_resp}</var>
<arg>a</arg>
<arg>b</arg>
<arg>400</arg>
<status status="PASS" start="2025-01-28T02:27:43.361310" elapsed="0.012161"/>
</kw>
<kw name="Should Be Equal" owner="BuiltIn">
<arg>${json_resp['error_msg']}</arg>
<arg>inputs must be numbers</arg>
<doc>Fails if the given objects are unequal.</doc>
<status status="PASS" start="2025-01-28T02:27:43.373977" elapsed="0.000996"/>
</kw>
<status status="PASS" start="2025-01-28T02:27:43.359299" elapsed="0.016175"/>
</test>
<test id="s1-t9" name="Test Plus Numbers 0 and b" line="50">
<kw name="Get Calculation JSON">
<kw name="GET" owner="RequestsLibrary">
<msg time="2025-01-28T02:27:43.385015" level="INFO">GET Request : url=http://127.0.0.1:5000/plus/0/b 
 path_url=/plus/0/b 
 headers={'User-Agent': 'python-requests/2.32.3', 'Accept-Encoding': 'gzip, deflate', 'Accept': '*/*', 'Connection': 'keep-alive'} 
 body=None 
 </msg>
<msg time="2025-01-28T02:27:43.385515" level="INFO">GET Response : url=http://127.0.0.1:5000/plus/0/b 
 status=400, reason=BAD REQUEST 
 headers={'Server': 'Werkzeug/3.0.3 Python/3.12.3', 'Date': 'Mon, 27 Jan 2025 19:27:43 GMT', 'Content-Type': 'application/json', 'Content-Length': '39', 'Connection': 'close'} 
 body={"error_msg":"inputs must be numbers"}
 
 </msg>
<msg time="2025-01-28T02:27:43.385515" level="INFO">${resp} = &lt;Response [400]&gt;</msg>
<var>${resp}</var>
<arg>${BASE_URL}/${num1}/${num2}</arg>
<arg>expected_status=${status}</arg>
<doc>Sends a GET request.</doc>
<status status="PASS" start="2025-01-28T02:27:43.377483" elapsed="0.008032"/>
</kw>
<kw name="Run Keyword If" owner="BuiltIn">
<kw name="Return From Keyword" owner="BuiltIn">
<msg time="2025-01-28T02:27:43.387552" level="INFO">Returning from the enclosing user keyword.</msg>
<arg>${resp.json()}</arg>
<doc>Returns from the enclosing user keyword.</doc>
<status status="PASS" start="2025-01-28T02:27:43.387024" elapsed="0.000528"/>
</kw>
<arg>${resp.status_code} == ${status}</arg>
<arg>Return From Keyword</arg>
<arg>${resp.json()}</arg>
<doc>Runs the given keyword with the given arguments, if ``condition`` is true.</doc>
<status status="PASS" start="2025-01-28T02:27:43.386014" elapsed="0.001538"/>
</kw>
<kw name="Fail" owner="BuiltIn">
<arg>Unexpected status code: ${resp.status_code}</arg>
<doc>Fails the test with the given message and optionally alters its tags.</doc>
<status status="NOT RUN" start="2025-01-28T02:27:43.387552" elapsed="0.000481"/>
</kw>
<msg time="2025-01-28T02:27:43.388534" level="INFO">${json_resp} = {'error_msg': 'inputs must be numbers'}</msg>
<var>${json_resp}</var>
<arg>0</arg>
<arg>b</arg>
<arg>400</arg>
<status status="PASS" start="2025-01-28T02:27:43.376973" elapsed="0.011561"/>
</kw>
<kw name="Should Be Equal" owner="BuiltIn">
<arg>${json_resp['error_msg']}</arg>
<arg>inputs must be numbers</arg>
<doc>Fails if the given objects are unequal.</doc>
<status status="PASS" start="2025-01-28T02:27:43.389035" elapsed="0.001009"/>
</kw>
<status status="PASS" start="2025-01-28T02:27:43.376476" elapsed="0.014578"/>
</test>
<test id="s1-t10" name="Test Plus Numbers a and 0" line="54">
<kw name="Get Calculation JSON">
<kw name="GET" owner="RequestsLibrary">
<msg time="2025-01-28T02:27:43.472749" level="INFO">GET Request : url=http://127.0.0.1:5000/plus/a/0 
 path_url=/plus/a/0 
 headers={'User-Agent': 'python-requests/2.32.3', 'Accept-Encoding': 'gzip, deflate', 'Accept': '*/*', 'Connection': 'keep-alive'} 
 body=None 
 </msg>
<msg time="2025-01-28T02:27:43.473250" level="INFO">GET Response : url=http://127.0.0.1:5000/plus/a/0 
 status=400, reason=BAD REQUEST 
 headers={'Server': 'Werkzeug/3.0.3 Python/3.12.3', 'Date': 'Mon, 27 Jan 2025 19:27:43 GMT', 'Content-Type': 'application/json', 'Content-Length': '39', 'Connection': 'close'} 
 body={"error_msg":"inputs must be numbers"}
 
 </msg>
<msg time="2025-01-28T02:27:43.473749" level="INFO">${resp} = &lt;Response [400]&gt;</msg>
<var>${resp}</var>
<arg>${BASE_URL}/${num1}/${num2}</arg>
<arg>expected_status=${status}</arg>
<doc>Sends a GET request.</doc>
<status status="PASS" start="2025-01-28T02:27:43.396054" elapsed="0.077695"/>
</kw>
<kw name="Run Keyword If" owner="BuiltIn">
<kw name="Return From Keyword" owner="BuiltIn">
<msg time="2025-01-28T02:27:43.475249" level="INFO">Returning from the enclosing user keyword.</msg>
<arg>${resp.json()}</arg>
<doc>Returns from the enclosing user keyword.</doc>
<status status="PASS" start="2025-01-28T02:27:43.474749" elapsed="0.000500"/>
</kw>
<arg>${resp.status_code} == ${status}</arg>
<arg>Return From Keyword</arg>
<arg>${resp.json()}</arg>
<doc>Runs the given keyword with the given arguments, if ``condition`` is true.</doc>
<status status="PASS" start="2025-01-28T02:27:43.473749" elapsed="0.001500"/>
</kw>
<kw name="Fail" owner="BuiltIn">
<arg>Unexpected status code: ${resp.status_code}</arg>
<doc>Fails the test with the given message and optionally alters its tags.</doc>
<status status="NOT RUN" start="2025-01-28T02:27:43.475249" elapsed="0.000000"/>
</kw>
<msg time="2025-01-28T02:27:43.476249" level="INFO">${json_resp} = {'error_msg': 'inputs must be numbers'}</msg>
<var>${json_resp}</var>
<arg>a</arg>
<arg>0</arg>
<arg>400</arg>
<status status="PASS" start="2025-01-28T02:27:43.393553" elapsed="0.082696"/>
</kw>
<kw name="Should Be Equal" owner="BuiltIn">
<arg>${json_resp['error_msg']}</arg>
<arg>inputs must be numbers</arg>
<doc>Fails if the given objects are unequal.</doc>
<status status="PASS" start="2025-01-28T02:27:43.477248" elapsed="0.001013"/>
</kw>
<status status="PASS" start="2025-01-28T02:27:43.392555" elapsed="0.086217"/>
</test>
<status status="PASS" start="2025-01-28T02:27:42.440518" elapsed="1.040265"/>
</suite>
<statistics>
<total>
<stat pass="10" fail="0" skip="0">All Tests</stat>
</total>
<tag>
</tag>
<suite>
<stat name="Plus" id="s1" pass="10" fail="0" skip="0">Plus</stat>
</suite>
</statistics>
<errors>
</errors>
</robot>
